20240414	20:17:55	95e23d09-9a3d-4621-89b7-049f59d3b36a	GET	/	undefined
20240414	20:17:55	ec2b486b-3148-4a27-8c60-56f064473abd	GET	/css/style.css	undefined
20240414	20:52:46	c910c300-e290-4ce3-9664-c0379eb43c3c	GET	/css/style.css	undefined
20240414	20:52:51	5fb831a1-8725-44da-ad2c-c4abf6234835	GET	/	undefined
20240414	20:52:51	f1cfc9fd-df25-4a18-8336-5079d864233e	GET	/css/style.css	undefined
20240414	20:52:52	4e62950b-ee57-4fd1-af1e-56b955408092	GET	/favicon.ico	undefined
20240414	21:55:53	aa69cf53-2ec6-48a8-955b-c8be2fa16f81	GET	/	undefined
20240414	21:55:53	32b6d900-9ad5-4b13-adae-c2e1b34bf7a0	GET	/css/style.css	undefined
20240414	22:13:51	10fd8de2-5bb4-4dc7-a679-e1c2b0269308	GET	/	undefined
20240414	22:13:51	5bfd1ffc-5855-47f3-b3b7-5cd6ae2589db	GET	/css/style.css	undefined
20240414	22:14:48	f47ddb71-b3c2-45fd-a587-0337d7692101	GET	/users	undefined
20240414	22:21:47	ab4a410d-43b6-4483-85f8-571983e7400b	GET	/	undefined
20240414	22:22:14	251316b1-0b02-43d7-97ad-3948d0172b96	GET	/users	undefined
20240414	22:25:57	6a218d31-4402-476c-8495-21fa97118dc6	GET	/user	undefined
20240414	22:30:28	c0cd6a53-e718-4482-ae7f-bf2331827af0	GET	/users	undefined
20240414	22:32:27	f308ed75-5163-44b9-bda8-601d3986497b	GET	/users	undefined
20240414	22:34:05	432888af-47a6-4732-9bf0-73cdbaff1f03	GET	/users	undefined
20240414	22:34:15	f1d793f2-7e5e-4b13-8c22-701d07ed4245	POST	/users	undefined
20240414	22:34:23	21218d3b-7ee7-4e90-aa5d-365e8b8d3bf7	POST	/users	undefined
20240414	22:34:24	5fc87d5b-2296-457b-acc8-6cf3b5c916fd	POST	/users	undefined
20240414	22:34:24	25ec658c-247a-415f-a44e-88ed59ee016c	POST	/users	undefined
20240414	22:34:25	a24706b0-f17b-4159-9347-231086a992bf	POST	/users	undefined
20240414	22:34:26	998c6523-2dea-455b-98da-78f3ea842b0b	POST	/users	undefined
20240414	22:35:08	5d712f7c-e526-430d-b996-9656661f9562	POST	/users	undefined
20240414	22:41:09	eccaa963-9a4c-49ac-bd80-eb483e59b216	POST	/users	undefined
20240414	22:44:57	ac11abec-be9f-4180-b44e-88c8dfc78102	POST	/users	undefined
20240414	22:45:10	997a2163-b5ac-404b-83eb-bdc3e1c1054d	POST	/users	undefined
20240414	22:46:44	f2ac64a4-15aa-4a86-984a-f806fb638a63	POST	/users	undefined
20240414	22:47:47	d9c8e1c8-47ee-4dd3-9922-405f53c3e664	POST	/users	undefined
20240414	22:48:06	06056603-320c-45c6-9d68-697ef064c195	GET	/users	undefined
20240414	22:51:33	39aae0b7-07a6-4959-a656-c7542f248714	POST	/users	undefined
20240414	22:52:10	807d6b06-c400-4fd3-90e1-b9b8ea83ba57	POST	/users	undefined
